<?xml version="1.0" encoding="UTF-8"?>
<!-- Generated by org.testng.reporters.JUnitXMLReporter -->
<testsuite ignored="0" hostname="AIPLLAP423" failures="1" tests="11" name="Browser Basic Test" time="142.615" errors="0" timestamp="2024-05-06T11:08:26 IST">
  <testcase classname="common.mmrda.testcases.LoginPageTest" name="LoginpageTitleTest" time="0.035"/>
  <testcase classname="common.mmrda.testcases.LoginPageTest" name="logintest" time="0.676"/>
  <testcase classname="common.mmrda.testcases.HomePageTest" name="validatepagetitle" time="2.441"/>
  <testcase classname="common.mmrda.testcases.HomePageTest" name="validateLogo" time="2.388"/>
  <testcase classname="common.mmrda.testcases.HomePageTest" name="validatesection" time="2.64"/>
  <testcase classname="common.mmrda.testcases.HomePageTest" name="validatecontact" time="3.158"/>
  <testcase classname="common.mmrda.testcases.HomePageTest" name="validateconatctlink" time="3.37"/>
  <testcase classname="common.mmrda.testcases.VerifyEventPageTest" name="VerifyEventDataTest" time="0.208">
    <failure type="java.lang.AssertionError" message="Data Not Found">
      <![CDATA[java.lang.AssertionError: Data Not Found
at common.mmrda.testcases.VerifyEventPageTest.VerifyEventDataTest(VerifyEventPageTest.java:39)
at java.base/java.util.ArrayList.forEach(ArrayList.java:1511)
... Removed 28 stack frames]]>
    </failure>
  </testcase> <!-- VerifyEventDataTest -->
  <testcase classname="common.mmrda.testcases.VerifyEventPageTest" name="VerifyDeleteEventTest" time="0.0">
    <skipped/>
  </testcase> <!-- VerifyDeleteEventTest -->
  <testcase classname="common.mmrda.testcases.CreateNewEventTest" name="VerifyCreateNewEventHeading" time="0.111"/>
  <testcase classname="common.mmrda.testcases.CreateNewEventTest" name="Entereventdata" time="6.16"/>
</testsuite> <!-- Browser Basic Test -->
