<?xml version="1.0" encoding="UTF-8"?>
<testng-results ignored="0" total="5" passed="5" failed="0" skipped="0">
  <reporter-output>
  </reporter-output>
  <suite started-at="2024-06-03T16:05:08 IST" name="Default suite" finished-at="2024-06-03T16:06:57 IST" duration-ms="108382">
    <groups>
    </groups>
    <test started-at="2024-06-03T16:05:08 IST" name="Default test" finished-at="2024-06-03T16:06:57 IST" duration-ms="108382">
      <class name="common.mmrda.testcases.AddContactPageTest">
        <test-method is-config="true" signature="Setup()[pri:0, instance:common.mmrda.testcases.AddContactPageTest@4fb3ee4e]" started-at="2024-06-03T16:05:08 IST" name="Setup" finished-at="2024-06-03T16:05:22 IST" duration-ms="13741" status="PASS">
          <reporter-output>
          </reporter-output>
        </test-method> <!-- Setup -->
        <test-method signature="VerifyrequiredfiedsTest()[pri:1, instance:common.mmrda.testcases.AddContactPageTest@4fb3ee4e]" started-at="2024-06-03T16:05:22 IST" name="VerifyrequiredfiedsTest" finished-at="2024-06-03T16:05:23 IST" duration-ms="628" status="PASS">
          <reporter-output>
          </reporter-output>
        </test-method> <!-- VerifyrequiredfiedsTest -->
        <test-method is-config="true" signature="Terminate(org.testng.ITestResult)[pri:0, instance:common.mmrda.testcases.AddContactPageTest@4fb3ee4e]" started-at="2024-06-03T16:05:23 IST" name="Terminate" finished-at="2024-06-03T16:05:23 IST" duration-ms="712" status="PASS">
          <params>
            <param index="0">
              <value>
                <![CDATA[[TestResult name=VerifyrequiredfiedsTest status=SUCCESS method=AddContactPageTest.VerifyrequiredfiedsTest()[pri:1, instance:common.mmrda.testcases.AddContactPageTest@4fb3ee4e] output={null}]]]>
              </value>
            </param>
          </params>
          <reporter-output>
          </reporter-output>
        </test-method> <!-- Terminate -->
        <test-method is-config="true" signature="Setup()[pri:0, instance:common.mmrda.testcases.AddContactPageTest@4fb3ee4e]" started-at="2024-06-03T16:05:24 IST" name="Setup" finished-at="2024-06-03T16:05:35 IST" duration-ms="11058" status="PASS">
          <reporter-output>
          </reporter-output>
        </test-method> <!-- Setup -->
        <test-method signature="Add_contactpage_Data_Test(java.lang.String,java.lang.String,java.lang.String,java.lang.String,java.lang.String,java.lang.String,java.lang.String,java.lang.String)[pri:2, instance:common.mmrda.testcases.AddContactPageTest@4fb3ee4e]" started-at="2024-06-03T16:05:35 IST" name="Add_contactpage_Data_Test" data-provider="getContactdata" finished-at="2024-06-03T16:05:45 IST" duration-ms="9817" status="PASS">
          <params>
            <param index="0">
              <value>
                <![CDATA[Ajay]]>
              </value>
            </param>
            <param index="1">
              <value>
                <![CDATA[Chauhan]]>
              </value>
            </param>
            <param index="2">
              <value>
                <![CDATA[H]]>
              </value>
            </param>
            <param index="3">
              <value>
                <![CDATA[Test Engineer]]>
              </value>
            </param>
            <param index="4">
              <value>
                <![CDATA[new jursey]]>
              </value>
            </param>
            <param index="5">
              <value>
                <![CDATA[New Jursey]]>
              </value>
            </param>
            <param index="6">
              <value>
                <![CDATA[usa]]>
              </value>
            </param>
            <param index="7">
              <value>
                <![CDATA[2215441.0]]>
              </value>
            </param>
          </params>
          <reporter-output>
          </reporter-output>
        </test-method> <!-- Add_contactpage_Data_Test -->
        <test-method is-config="true" signature="Terminate(org.testng.ITestResult)[pri:0, instance:common.mmrda.testcases.AddContactPageTest@4fb3ee4e]" started-at="2024-06-03T16:05:45 IST" name="Terminate" finished-at="2024-06-03T16:05:46 IST" duration-ms="1134" status="PASS">
          <params>
            <param index="0">
              <value>
                <![CDATA[[TestResult name=Add_contactpage_Data_Test status=SUCCESS method=AddContactPageTest.Add_contactpage_Data_Test(java.lang.String,java.lang.String,java.lang.String,java.lang.String,java.lang.String,java.lang.String,java.lang.String,java.lang.String)[pri:2, instance:common.mmrda.testcases.AddContactPageTest@4fb3ee4e] output={null}]]]>
              </value>
            </param>
          </params>
          <reporter-output>
          </reporter-output>
        </test-method> <!-- Terminate -->
        <test-method is-config="true" signature="Setup()[pri:0, instance:common.mmrda.testcases.AddContactPageTest@4fb3ee4e]" started-at="2024-06-03T16:05:46 IST" name="Setup" finished-at="2024-06-03T16:05:59 IST" duration-ms="12861" status="PASS">
          <reporter-output>
          </reporter-output>
        </test-method> <!-- Setup -->
        <test-method signature="Add_contactpage_Data_Test(java.lang.String,java.lang.String,java.lang.String,java.lang.String,java.lang.String,java.lang.String,java.lang.String,java.lang.String)[pri:2, instance:common.mmrda.testcases.AddContactPageTest@4fb3ee4e]" started-at="2024-06-03T16:05:59 IST" name="Add_contactpage_Data_Test" data-provider="getContactdata" finished-at="2024-06-03T16:06:07 IST" duration-ms="8119" status="PASS">
          <params>
            <param index="0">
              <value>
                <![CDATA[Niru]]>
              </value>
            </param>
            <param index="1">
              <value>
                <![CDATA[Mitra]]>
              </value>
            </param>
            <param index="2">
              <value>
                <![CDATA[M]]>
              </value>
            </param>
            <param index="3">
              <value>
                <![CDATA[Test Engineer]]>
              </value>
            </param>
            <param index="4">
              <value>
                <![CDATA[mayami]]>
              </value>
            </param>
            <param index="5">
              <value>
                <![CDATA[Mayami]]>
              </value>
            </param>
            <param index="6">
              <value>
                <![CDATA[usa]]>
              </value>
            </param>
            <param index="7">
              <value>
                <![CDATA[2215442.0]]>
              </value>
            </param>
          </params>
          <reporter-output>
          </reporter-output>
        </test-method> <!-- Add_contactpage_Data_Test -->
        <test-method is-config="true" signature="Terminate(org.testng.ITestResult)[pri:0, instance:common.mmrda.testcases.AddContactPageTest@4fb3ee4e]" started-at="2024-06-03T16:06:07 IST" name="Terminate" finished-at="2024-06-03T16:06:08 IST" duration-ms="1055" status="PASS">
          <params>
            <param index="0">
              <value>
                <![CDATA[[TestResult name=Add_contactpage_Data_Test status=SUCCESS method=AddContactPageTest.Add_contactpage_Data_Test(java.lang.String,java.lang.String,java.lang.String,java.lang.String,java.lang.String,java.lang.String,java.lang.String,java.lang.String)[pri:2, instance:common.mmrda.testcases.AddContactPageTest@4fb3ee4e] output={null}]]]>
              </value>
            </param>
          </params>
          <reporter-output>
          </reporter-output>
        </test-method> <!-- Terminate -->
        <test-method is-config="true" signature="Setup()[pri:0, instance:common.mmrda.testcases.AddContactPageTest@4fb3ee4e]" started-at="2024-06-03T16:06:08 IST" name="Setup" finished-at="2024-06-03T16:06:20 IST" duration-ms="12511" status="PASS">
          <reporter-output>
          </reporter-output>
        </test-method> <!-- Setup -->
        <test-method signature="Add_contactpage_Data_Test(java.lang.String,java.lang.String,java.lang.String,java.lang.String,java.lang.String,java.lang.String,java.lang.String,java.lang.String)[pri:2, instance:common.mmrda.testcases.AddContactPageTest@4fb3ee4e]" started-at="2024-06-03T16:06:20 IST" name="Add_contactpage_Data_Test" data-provider="getContactdata" finished-at="2024-06-03T16:06:29 IST" duration-ms="9092" status="PASS">
          <params>
            <param index="0">
              <value>
                <![CDATA[Manish]]>
              </value>
            </param>
            <param index="1">
              <value>
                <![CDATA[Mukta]]>
              </value>
            </param>
            <param index="2">
              <value>
                <![CDATA[K]]>
              </value>
            </param>
            <param index="3">
              <value>
                <![CDATA[SDC Engineer]]>
              </value>
            </param>
            <param index="4">
              <value>
                <![CDATA[florida]]>
              </value>
            </param>
            <param index="5">
              <value>
                <![CDATA[Florida]]>
              </value>
            </param>
            <param index="6">
              <value>
                <![CDATA[usa]]>
              </value>
            </param>
            <param index="7">
              <value>
                <![CDATA[2215443.0]]>
              </value>
            </param>
          </params>
          <reporter-output>
          </reporter-output>
        </test-method> <!-- Add_contactpage_Data_Test -->
        <test-method is-config="true" signature="Terminate(org.testng.ITestResult)[pri:0, instance:common.mmrda.testcases.AddContactPageTest@4fb3ee4e]" started-at="2024-06-03T16:06:29 IST" name="Terminate" finished-at="2024-06-03T16:06:31 IST" duration-ms="1587" status="PASS">
          <params>
            <param index="0">
              <value>
                <![CDATA[[TestResult name=Add_contactpage_Data_Test status=SUCCESS method=AddContactPageTest.Add_contactpage_Data_Test(java.lang.String,java.lang.String,java.lang.String,java.lang.String,java.lang.String,java.lang.String,java.lang.String,java.lang.String)[pri:2, instance:common.mmrda.testcases.AddContactPageTest@4fb3ee4e] output={null}]]]>
              </value>
            </param>
          </params>
          <reporter-output>
          </reporter-output>
        </test-method> <!-- Terminate -->
        <test-method is-config="true" signature="Setup()[pri:0, instance:common.mmrda.testcases.AddContactPageTest@4fb3ee4e]" started-at="2024-06-03T16:06:31 IST" name="Setup" finished-at="2024-06-03T16:06:45 IST" duration-ms="13863" status="PASS">
          <reporter-output>
          </reporter-output>
        </test-method> <!-- Setup -->
        <test-method signature="Add_contactpage_Data_Test(java.lang.String,java.lang.String,java.lang.String,java.lang.String,java.lang.String,java.lang.String,java.lang.String,java.lang.String)[pri:2, instance:common.mmrda.testcases.AddContactPageTest@4fb3ee4e]" started-at="2024-06-03T16:06:45 IST" name="Add_contactpage_Data_Test" data-provider="getContactdata" finished-at="2024-06-03T16:06:55 IST" duration-ms="10522" status="PASS">
          <params>
            <param index="0">
              <value>
                <![CDATA[Arun]]>
              </value>
            </param>
            <param index="1">
              <value>
                <![CDATA[Tiwari]]>
              </value>
            </param>
            <param index="2">
              <value>
                <![CDATA[N]]>
              </value>
            </param>
            <param index="3">
              <value>
                <![CDATA[Assistace Engineer]]>
              </value>
            </param>
            <param index="4">
              <value>
                <![CDATA[man hatten]]>
              </value>
            </param>
            <param index="5">
              <value>
                <![CDATA[Man Hatten]]>
              </value>
            </param>
            <param index="6">
              <value>
                <![CDATA[usa]]>
              </value>
            </param>
            <param index="7">
              <value>
                <![CDATA[2215444.0]]>
              </value>
            </param>
          </params>
          <reporter-output>
          </reporter-output>
        </test-method> <!-- Add_contactpage_Data_Test -->
        <test-method is-config="true" signature="Terminate(org.testng.ITestResult)[pri:0, instance:common.mmrda.testcases.AddContactPageTest@4fb3ee4e]" started-at="2024-06-03T16:06:55 IST" name="Terminate" finished-at="2024-06-03T16:06:57 IST" duration-ms="1143" status="PASS">
          <params>
            <param index="0">
              <value>
                <![CDATA[[TestResult name=Add_contactpage_Data_Test status=SUCCESS method=AddContactPageTest.Add_contactpage_Data_Test(java.lang.String,java.lang.String,java.lang.String,java.lang.String,java.lang.String,java.lang.String,java.lang.String,java.lang.String)[pri:2, instance:common.mmrda.testcases.AddContactPageTest@4fb3ee4e] output={null}]]]>
              </value>
            </param>
          </params>
          <reporter-output>
          </reporter-output>
        </test-method> <!-- Terminate -->
      </class> <!-- common.mmrda.testcases.AddContactPageTest -->
    </test> <!-- Default test -->
  </suite> <!-- Default suite -->
</testng-results>
