<?xml version="1.0" encoding="UTF-8"?>
<!-- Generated by org.testng.reporters.JUnitXMLReporter -->
<testsuite ignored="0" hostname="AIPLLAP423" failures="0" tests="5" name="Default test" time="108.382" errors="0" timestamp="2024-06-03T16:06:57 IST">
  <testcase classname="common.mmrda.testcases.AddContactPageTest" name="VerifyrequiredfiedsTest" time="0.628"/>
  <testcase classname="common.mmrda.testcases.AddContactPageTest" name="Add_contactpage_Data_Test" time="9.817"/>
  <testcase classname="common.mmrda.testcases.AddContactPageTest" name="Add_contactpage_Data_Test" time="8.119"/>
  <testcase classname="common.mmrda.testcases.AddContactPageTest" name="Add_contactpage_Data_Test" time="9.092"/>
  <testcase classname="common.mmrda.testcases.AddContactPageTest" name="Add_contactpage_Data_Test" time="10.522"/>
</testsuite> <!-- Default test -->
